<?xml version="1.0" encoding="UTF-8"?><testsuite errors="0" failures="0" name="Expedia Page" skipped="0" tests="9" time="98.8" timestamp="2019-10-01 09:59:31"><testcase name="Find a one way flight according to the filter"/><testcase name="Find a flight with the same origin and destination"/><testcase name="Select a destination date before the current date"/><testcase name="Change the number of travelers to more than 1"/><testcase name="Select a preferred airline"/><testcase name="Select a preferred class"/><testcase name="Select nonstop option"/><testcase name="Select Refundable flight option"/><testcase name="Add a hotel in the search"/></testsuite>